<?xml version="1.0" encoding="UTF-8"?>
<!-- Generated by org.testng.reporters.JUnitReportReporter -->
<testsuite hostname="TechAviator-PC" name="Scenario_Component.Scenario_Login" tests="1" failures="0" timestamp="23 Apr 2017 06:52:44 GMT" time="12.603" errors="0">
  <testcase name="testInvalidlogin" time="12.603" classname="Scenario_Component.Scenario_Login"/>
</testsuite> <!-- Scenario_Component.Scenario_Login -->
